<?xml version="1.0" encoding="UTF-8"?>
<robot generator="Robot 7.0 (Python 3.12.4 on win32)" generated="2024-06-11T13:22:16.529705" rpa="false" schemaversion="5">
<suite id="s1" name="Swipe" source="C:\QAx\projects\yodapp-robot\tests\swipe.robot">
<test id="s1-t1" name="Deve poder remover o Darth Vader" line="6">
<kw name="Start session" owner="base">
<kw name="Open Application" owner="AppiumLibrary">
<arg>http://localhost:4723</arg>
<arg>platformName=Android</arg>
<arg>deviceName=Android Emulator</arg>
<arg>automationName=UIAutomator2</arg>
<arg>app=${EXECDIR}/app/yodapp-beta.apk</arg>
<arg>udid=3200831046c8265b</arg>
<arg>autoGrantPermissions=true</arg>
<doc>Opens a new application to given Appium server.
Capabilities of appium server, Android and iOS,
Please check https://appium.io/docs/en/2.1/cli/args/
| *Option*            | *Man.* | *Description*     |
| remote_url          | Yes    | Appium server url |
| alias               | no     | alias             |
| strict_ssl          | No     | allows you to send commands to an invalid certificate host like a self-signed one. |</doc>
<status status="PASS" start="2024-06-11T13:22:16.992177" elapsed="13.016685"/>
</kw>
<status status="PASS" start="2024-06-11T13:22:16.991176" elapsed="13.017686"/>
</kw>
<kw name="Get started" owner="base">
<kw name="Wait Until Page Contains" owner="AppiumLibrary">
<arg>${START}</arg>
<arg>5</arg>
<doc>Waits until `text` appears on current page.</doc>
<status status="PASS" start="2024-06-11T13:22:30.009856" elapsed="5.051997"/>
</kw>
<kw name="Click Text" owner="AppiumLibrary">
<msg time="2024-06-11T13:22:35.654921" level="INFO">xpath criteria: //*[@text="QAX"]</msg>
<arg>${START}</arg>
<arg>5</arg>
<doc>Click text identified by ``text``.</doc>
<status status="PASS" start="2024-06-11T13:22:35.062843" elapsed="0.592078"/>
</kw>
<status status="PASS" start="2024-06-11T13:22:30.009856" elapsed="5.645065"/>
</kw>
<kw name="Navigate to" owner="base">
<kw name="Set Variable" owner="BuiltIn">
<msg time="2024-06-11T13:22:35.655917" level="INFO">${hamburguer} = xpath=//android.widget.ImageButton[@content-desc="Open navigation drawer"]</msg>
<var>${hamburguer}</var>
<arg>xpath=//android.widget.ImageButton[@content-desc="Open navigation drawer"]</arg>
<doc>Returns the given values which can then be assigned to a variables.</doc>
<status status="PASS" start="2024-06-11T13:22:35.655917" elapsed="0.000000"/>
</kw>
<kw name="Wait Until Element Is Visible" owner="AppiumLibrary">
<msg time="2024-06-11T13:22:37.004117" level="INFO">xpath criteria: //android.widget.ImageButton[@content-desc="Open navigation drawer"]
xpath criteria: //android.widget.ImageButton[@content-desc="Open navigation drawer"]</msg>
<arg>${hamburguer}</arg>
<arg>5</arg>
<doc>Waits until element specified with `locator` is visible.</doc>
<status status="PASS" start="2024-06-11T13:22:35.656940" elapsed="1.347177"/>
</kw>
<kw name="Click Element" owner="AppiumLibrary">
<msg time="2024-06-11T13:22:37.007143" level="INFO">Clicking element 'xpath=//android.widget.ImageButton[@content-desc="Open navigation drawer"]'.</msg>
<msg time="2024-06-11T13:22:37.228946" level="INFO">xpath criteria: //android.widget.ImageButton[@content-desc="Open navigation drawer"]</msg>
<arg>${hamburguer}</arg>
<doc>Click element identified by `locator`.</doc>
<status status="PASS" start="2024-06-11T13:22:37.005104" elapsed="0.224839"/>
</kw>
<kw name="Set Variable" owner="BuiltIn">
<msg time="2024-06-11T13:22:37.229943" level="INFO">${menu_item} = xpath=//*[@resource-id="com.qaxperience.yodapp:id/navView"]//*[@text="Star Wars"]</msg>
<var>${menu_item}</var>
<arg>xpath=//*[@resource-id="com.qaxperience.yodapp:id/navView"]//*[@text="${item_text}"]</arg>
<doc>Returns the given values which can then be assigned to a variables.</doc>
<status status="PASS" start="2024-06-11T13:22:37.229943" elapsed="0.000998"/>
</kw>
<kw name="Wait Until Element Is Visible" owner="AppiumLibrary">
<msg time="2024-06-11T13:22:38.179393" level="INFO">xpath criteria: //*[@resource-id="com.qaxperience.yodapp:id/navView"]//*[@text="Star Wars"]</msg>
<arg>${menu_item}</arg>
<doc>Waits until element specified with `locator` is visible.</doc>
<status status="PASS" start="2024-06-11T13:22:37.230941" elapsed="0.949448"/>
</kw>
<kw name="Click Element" owner="AppiumLibrary">
<msg time="2024-06-11T13:22:38.184381" level="INFO">Clicking element 'xpath=//*[@resource-id="com.qaxperience.yodapp:id/navView"]//*[@text="Star Wars"]'.</msg>
<msg time="2024-06-11T13:22:38.612782" level="INFO">xpath criteria: //*[@resource-id="com.qaxperience.yodapp:id/navView"]//*[@text="Star Wars"]</msg>
<arg>${menu_item}</arg>
<doc>Click element identified by `locator`.</doc>
<status status="PASS" start="2024-06-11T13:22:38.180389" elapsed="0.433389"/>
</kw>
<arg>Star Wars</arg>
<status status="PASS" start="2024-06-11T13:22:35.655917" elapsed="2.957861"/>
</kw>
<kw name="Go to item" owner="base">
<kw name="Wait Until Page Contains" owner="AppiumLibrary">
<arg>${item}</arg>
<arg>5</arg>
<doc>Waits until `text` appears on current page.</doc>
<status status="PASS" start="2024-06-11T13:22:38.617767" elapsed="0.617420"/>
</kw>
<kw name="Click Text" owner="AppiumLibrary">
<msg time="2024-06-11T13:22:39.806946" level="INFO">xpath criteria: //*[contains(@text,"Lista")]</msg>
<arg>${item}</arg>
<doc>Click text identified by ``text``.</doc>
<status status="PASS" start="2024-06-11T13:22:39.236602" elapsed="0.570344"/>
</kw>
<kw name="Wait Until Page Contains" owner="AppiumLibrary">
<arg>${checkpoint}</arg>
<arg>5</arg>
<doc>Waits until `text` appears on current page.</doc>
<status status="PASS" start="2024-06-11T13:22:39.807903" elapsed="1.269844"/>
</kw>
<arg>Lista</arg>
<arg>Darth Vader</arg>
<status status="PASS" start="2024-06-11T13:22:38.617767" elapsed="2.460991"/>
</kw>
<kw name="Get Element Location" owner="AppiumLibrary">
<msg time="2024-06-11T13:22:41.225619" level="INFO">Element 'xpath=//android.widget.TextView[@text="@darthvader"]/../../..//*[contains(@resource-id, "indicator")]' location: {'x': 975, 'y': 615} </msg>
<msg time="2024-06-11T13:22:41.225619" level="INFO">xpath criteria: //android.widget.TextView[@text="@darthvader"]/../../..//*[contains(@resource-id, "indicator")]</msg>
<msg time="2024-06-11T13:22:41.225992" level="INFO">${positions} = {'x': 975, 'y': 615}</msg>
<var>${positions}</var>
<arg>xpath=//android.widget.TextView[@text="@darthvader"]/../../..//*[contains(@resource-id, "indicator")]</arg>
<doc>Get element location</doc>
<status status="PASS" start="2024-06-11T13:22:41.079744" elapsed="0.146248"/>
</kw>
<kw name="Set Variable" owner="BuiltIn">
<msg time="2024-06-11T13:22:41.226983" level="INFO">${start_x} = 975</msg>
<var>${start_x}</var>
<arg>${positions}[x]</arg>
<doc>Returns the given values which can then be assigned to a variables.</doc>
<status status="PASS" start="2024-06-11T13:22:41.226983" elapsed="0.000000"/>
</kw>
<kw name="Set Variable" owner="BuiltIn">
<msg time="2024-06-11T13:22:41.227961" level="INFO">${start_y} = 615</msg>
<var>${start_y}</var>
<arg>${positions}[y]</arg>
<doc>Returns the given values which can then be assigned to a variables.</doc>
<status status="PASS" start="2024-06-11T13:22:41.227961" elapsed="0.000000"/>
</kw>
<kw name="Evaluate" owner="BuiltIn">
<msg time="2024-06-11T13:22:41.229000" level="INFO">${offset_x} = 325</msg>
<var>${offset_x}</var>
<arg>${positions}[x] - 650</arg>
<doc>Evaluates the given expression in Python and returns the result.</doc>
<status status="PASS" start="2024-06-11T13:22:41.229000" elapsed="0.000000"/>
</kw>
<kw name="Set Variable" owner="BuiltIn">
<msg time="2024-06-11T13:22:41.230962" level="INFO">${offset_y} = 615</msg>
<var>${offset_y}</var>
<arg>${positions}[y]</arg>
<doc>Returns the given values which can then be assigned to a variables.</doc>
<status status="PASS" start="2024-06-11T13:22:41.229960" elapsed="0.001002"/>
</kw>
<kw name="Swipe" owner="AppiumLibrary">
<arg>${start_x}</arg>
<arg>${start_y}</arg>
<arg>${offset_x}</arg>
<arg>${offset_y}</arg>
<arg>1000</arg>
<doc>Swipe from one point to another point, for an optional duration.</doc>
<status status="PASS" start="2024-06-11T13:22:41.231961" elapsed="1.423140"/>
</kw>
<kw name="Click Element" owner="AppiumLibrary">
<msg time="2024-06-11T13:22:42.662170" level="INFO">Clicking element 'id=com.qaxperience.yodapp:id/btnRemove'.</msg>
<msg time="2024-06-11T13:22:44.408523" level="INFO">criteria is com.qaxperience.yodapp:id/btnRemove</msg>
<arg>id=com.qaxperience.yodapp:id/btnRemove</arg>
<doc>Click element identified by `locator`.</doc>
<status status="PASS" start="2024-06-11T13:22:42.657146" elapsed="1.752379"/>
</kw>
<kw name="Wait Until Page Does Not Contain" owner="AppiumLibrary">
<arg>Darth Vader</arg>
<doc>Waits until `text` disappears from current page.</doc>
<status status="PASS" start="2024-06-11T13:22:44.411509" elapsed="0.575998"/>
</kw>
<kw name="Close session" owner="base">
<kw name="Close Application" owner="AppiumLibrary">
<doc>Closes the current application and also close webdriver session.</doc>
<status status="PASS" start="2024-06-11T13:22:44.988494" elapsed="0.623229"/>
</kw>
<status status="PASS" start="2024-06-11T13:22:44.988494" elapsed="0.624430"/>
</kw>
<status status="PASS" start="2024-06-11T13:22:16.990177" elapsed="28.624598"/>
</test>
<status status="PASS" start="2024-06-11T13:22:16.532699" elapsed="29.085089"/>
</suite>
<statistics>
<total>
<stat pass="1" fail="0" skip="0">All Tests</stat>
</total>
<tag>
</tag>
<suite>
<stat pass="1" fail="0" skip="0" id="s1" name="Swipe">Swipe</stat>
</suite>
</statistics>
<errors>
</errors>
</robot>
